[0916/181403.326:ERROR:process_memory_win.cc(73)] ReadMemory at 0x7ff786c20000 of 64 bytes failed: Only part of a ReadProcessMemory or WriteProcessMemory request was completed. (0x12B)
[0916/181403.493:WARNING:pe_image_reader.cc(340)] could not read dos header from C:\Program Files (x86)\BraveSoftware\Brave-Browser\Application\brave.exe
[0916/181403.493:ERROR:process_memory_win.cc(73)] ReadMemory at 0x7ffa6f140000 of 64 bytes failed: Only part of a ReadProcessMemory or WriteProcessMemory request was completed. (0x12B)
[0916/181403.493:WARNING:pe_image_reader.cc(340)] could not read dos header from C:\WINDOWS\SYSTEM32\ntdll.dll
[0916/181403.493:ERROR:process_memory_win.cc(73)] ReadMemory at 0x7ffa6ed10000 of 64 bytes failed: Only part of a ReadProcessMemory or WriteProcessMemory request was completed. (0x12B)
[0916/181403.504:WARNING:pe_image_reader.cc(340)] could not read dos header from C:\WINDOWS\System32\KERNEL32.DLL
[0916/181403.504:ERROR:process_memory_win.cc(73)] ReadMemory at 0x7ffa6c320000 of 64 bytes failed: Only part of a ReadProcessMemory or WriteProcessMemory request was completed. (0x12B)
[0916/181403.504:WARNING:pe_image_reader.cc(340)] could not read dos header from C:\WINDOWS\System32\KERNELBASE.dll
[0916/181403.504:ERROR:process_memory_win.cc(73)] ReadMemory at 0x7ffa3f580000 of 64 bytes failed: Only part of a ReadProcessMemory or WriteProcessMemory request was completed. (0x12B)
[0916/181403.505:WARNING:pe_image_reader.cc(340)] could not read dos header from C:\Program Files (x86)\BraveSoftware\Brave-Browser\Application\85.1.13.86\chrome_elf.dll
[0916/181403.505:ERROR:process_memory_win.cc(73)] ReadMemory at 0x7ffa66ba0000 of 64 bytes failed: Only part of a ReadProcessMemory or WriteProcessMemory request was completed. (0x12B)
[0916/181403.505:WARNING:pe_image_reader.cc(340)] could not read dos header from C:\WINDOWS\SYSTEM32\VERSION.dll
[0916/181403.505:ERROR:process_memory_win.cc(73)] ReadMemory at 0x7ffa6dc90000 of 64 bytes failed: Only part of a ReadProcessMemory or WriteProcessMemory request was completed. (0x12B)
[0916/181403.505:WARNING:pe_image_reader.cc(340)] could not read dos header from C:\WINDOWS\System32\msvcrt.dll
[0916/181403.505:ERROR:process_memory_win.cc(73)] ReadMemory at 0x7ffa6c8f0000 of 64 bytes failed: Only part of a ReadProcessMemory or WriteProcessMemory request was completed. (0x12B)
[0916/181403.505:WARNING:pe_image_reader.cc(340)] could not read dos header from C:\WINDOWS\System32\bcryptPrimitives.dll
[0916/181403.505:ERROR:process_memory_win.cc(73)] ReadMemory at 0x7ffa6e6b0000 of 64 bytes failed: Only part of a ReadProcessMemory or WriteProcessMemory request was completed. (0x12B)
[0916/181403.505:WARNING:pe_image_reader.cc(340)] could not read dos header from C:\WINDOWS\System32\ADVAPI32.dll
[0916/181403.505:ERROR:process_memory_win.cc(73)] ReadMemory at 0x7ffa6d210000 of 64 bytes failed: Only part of a ReadProcessMemory or WriteProcessMemory request was completed. (0x12B)
[0916/181403.505:WARNING:pe_image_reader.cc(340)] could not read dos header from C:\WINDOWS\System32\sechost.dll
[0916/181403.505:ERROR:process_memory_win.cc(73)] ReadMemory at 0x7ffa6d9a0000 of 64 bytes failed: Only part of a ReadProcessMemory or WriteProcessMemory request was completed. (0x12B)
[0916/181403.505:WARNING:pe_image_reader.cc(340)] could not read dos header from C:\WINDOWS\System32\RPCRT4.dll
[0916/181403.505:ERROR:process_memory_win.cc(73)] ReadMemory at 0x7ffa25c90000 of 64 bytes failed: Only part of a ReadProcessMemory or WriteProcessMemory request was completed. (0x12B)
[0916/181403.505:WARNING:pe_image_reader.cc(340)] could not read dos header from C:\Program Files (x86)\BraveSoftware\Brave-Browser\Application\85.1.13.86\chrome.dll
[0916/181403.505:ERROR:process_memory_win.cc(73)] ReadMemory at 0x7ffa6db40000 of 64 bytes failed: Only part of a ReadProcessMemory or WriteProcessMemory request was completed. (0x12B)
[0916/181403.505:WARNING:pe_image_reader.cc(340)] could not read dos header from C:\WINDOWS\System32\WS2_32.dll
[0916/181403.505:ERROR:process_memory_win.cc(73)] ReadMemory at 0x7ffa6dd90000 of 64 bytes failed: Only part of a ReadProcessMemory or WriteProcessMemory request was completed. (0x12B)
[0916/181403.505:WARNING:pe_image_reader.cc(340)] could not read dos header from C:\WINDOWS\System32\OLEAUT32.dll
[0916/181403.505:ERROR:process_memory_win.cc(73)] ReadMemory at 0x7ffa6c850000 of 64 bytes failed: Only part of a ReadProcessMemory or WriteProcessMemory request was completed. (0x12B)
[0916/181403.506:WARNING:pe_image_reader.cc(340)] could not read dos header from C:\WINDOWS\System32\msvcp_win.dll
[0916/181403.506:ERROR:process_memory_win.cc(73)] ReadMemory at 0x7ffa6c0d0000 of 64 bytes failed: Only part of a ReadProcessMemory or WriteProcessMemory request was completed. (0x12B)
[0916/181403.506:WARNING:pe_image_reader.cc(340)] could not read dos header from C:\WINDOWS\System32\ucrtbase.dll
[0916/181403.506:ERROR:process_memory_win.cc(73)] ReadMemory at 0x7ffa6e9d0000 of 64 bytes failed: Only part of a ReadProcessMemory or WriteProcessMemory request was completed. (0x12B)
[0916/181403.506:WARNING:pe_image_reader.cc(340)] could not read dos header from C:\WINDOWS\System32\combase.dll
[0916/181403.506:ERROR:process_memory_win.cc(73)] ReadMemory at 0x7ffa6c7f0000 of 64 bytes failed: Only part of a ReadProcessMemory or WriteProcessMemory request was completed. (0x12B)
[0916/181403.506:WARNING:pe_image_reader.cc(340)] could not read dos header from C:\WINDOWS\System32\WINTRUST.dll
[0916/181403.506:ERROR:process_memory_win.cc(73)] ReadMemory at 0x7ffa6c090000 of 64 bytes failed: Only part of a ReadProcessMemory or WriteProcessMemory request was completed. (0x12B)
[0916/181403.506:WARNING:pe_image_reader.cc(340)] could not read dos header from C:\WINDOWS\System32\MSASN1.dll
[0916/181403.506:ERROR:process_memory_win.cc(73)] ReadMemory at 0x7ffa6c1d0000 of 64 bytes failed: Only part of a ReadProcessMemory or WriteProcessMemory request was completed. (0x12B)
[0916/181403.506:WARNING:pe_image_reader.cc(340)] could not read dos header from C:\WINDOWS\System32\CRYPT32.dll
[0916/181403.506:ERROR:process_memory_win.cc(73)] ReadMemory at 0x7ffa6b500000 of 64 bytes failed: Only part of a ReadProcessMemory or WriteProcessMemory request was completed. (0x12B)
[0916/181403.506:WARNING:pe_image_reader.cc(340)] could not read dos header from C:\WINDOWS\SYSTEM32\IPHLPAPI.DLL
[0916/181403.506:ERROR:process_memory_win.cc(73)] ReadMemory at 0x7ffa62350000 of 64 bytes failed: Only part of a ReadProcessMemory or WriteProcessMemory request was completed. (0x12B)
[0916/181403.506:WARNING:pe_image_reader.cc(340)] could not read dos header from C:\WINDOWS\SYSTEM32\WINMM.dll
[0916/181403.506:ERROR:process_memory_win.cc(73)] ReadMemory at 0x7ffa4c560000 of 64 bytes failed: Only part of a ReadProcessMemory or WriteProcessMemory request was completed. (0x12B)
[0916/181403.506:WARNING:pe_image_reader.cc(340)] could not read dos header from C:\WINDOWS\SYSTEM32\UIAutomationCore.DLL
[0916/181403.506:ERROR:process_memory_win.cc(73)] ReadMemory at 0x7ffa62c60000 of 64 bytes failed: Only part of a ReadProcessMemory or WriteProcessMemory request was completed. (0x12B)
[0916/181403.506:WARNING:pe_image_reader.cc(340)] could not read dos header from C:\WINDOWS\SYSTEM32\Secur32.dll
[0916/181403.506:ERROR:process_memory_win.cc(73)] ReadMemory at 0x7ffa6bf20000 of 64 bytes failed: Only part of a ReadProcessMemory or WriteProcessMemory request was completed. (0x12B)
[0916/181403.506:WARNING:pe_image_reader.cc(340)] could not read dos header from C:\WINDOWS\SYSTEM32\USERENV.dll
[0916/181403.506:ERROR:process_memory_win.cc(73)] ReadMemory at 0x7ffa6c010000 of 64 bytes failed: Only part of a ReadProcessMemory or WriteProcessMemory request was completed. (0x12B)
[0916/181403.506:WARNING:pe_image_reader.cc(340)] could not read dos header from C:\WINDOWS\System32\profapi.dll
[0916/181403.506:ERROR:process_memory_win.cc(73)] ReadMemory at 0x7ffa54040000 of 64 bytes failed: Only part of a ReadProcessMemory or WriteProcessMemory request was completed. (0x12B)
[0916/181403.507:WARNING:pe_image_reader.cc(340)] could not read dos header from C:\WINDOWS\SYSTEM32\DWrite.dll
[0916/181403.507:ERROR:process_memory_win.cc(73)] ReadMemory at 0x7ffa66f20000 of 64 bytes failed: Only part of a ReadProcessMemory or WriteProcessMemory request was completed. (0x12B)
[0916/181403.507:WARNING:pe_image_reader.cc(340)] could not read dos header from C:\WINDOWS\SYSTEM32\WINSPOOL.DRV
[0916/181403.507:ERROR:process_memory_win.cc(73)] ReadMemory at 0x7ffa6c0b0000 of 64 bytes failed: Only part of a ReadProcessMemory or WriteProcessMemory request was completed. (0x12B)
[0916/181403.507:WARNING:pe_image_reader.cc(340)] could not read dos header from C:\WINDOWS\System32\kernel.appcore.dll
[0916/181403.507:ERROR:process_memory_win.cc(73)] ReadMemory at 0x7ffa6c620000 of 64 bytes failed: Only part of a ReadProcessMemory or WriteProcessMemory request was completed. (0x12B)
[0916/181403.507:WARNING:pe_image_reader.cc(340)] could not read dos header from C:\WINDOWS\System32\bcrypt.dll
[0916/181403.507:ERROR:process_memory_win.cc(73)] ReadMemory at 0x7ffa64b70000 of 64 bytes failed: Only part of a ReadProcessMemory or WriteProcessMemory request was completed. (0x12B)
[0916/181403.507:WARNING:pe_image_reader.cc(340)] could not read dos header from C:\WINDOWS\SYSTEM32\dbghelp.dll
[0916/181403.507:ERROR:process_memory_win.cc(73)] ReadMemory at 0x7ffa681b0000 of 64 bytes failed: Only part of a ReadProcessMemory or WriteProcessMemory request was completed. (0x12B)
[0916/181403.507:WARNING:pe_image_reader.cc(340)] could not read dos header from C:\WINDOWS\SYSTEM32\WINHTTP.dll
[0916/181403.507:ERROR:process_memory_win.cc(73)] ReadMemory at 0x7ffa64db0000 of 64 bytes failed: Only part of a ReadProcessMemory or WriteProcessMemory request was completed. (0x12B)
[0916/181403.507:WARNING:pe_image_reader.cc(340)] could not read dos header from C:\WINDOWS\SYSTEM32\dhcpcsvc.DLL
[0916/181403.507:ERROR:process_memory_win.cc(73)] ReadMemory at 0x7ffa6f0f0000 of 64 bytes failed: Only part of a ReadProcessMemory or WriteProcessMemory request was completed. (0x12B)
[0916/181403.507:WARNING:pe_image_reader.cc(340)] could not read dos header from C:\WINDOWS\System32\NSI.dll
[0916/181403.507:ERROR:process_memory_win.cc(73)] ReadMemory at 0x7ffa61ba0000 of 64 bytes failed: Only part of a ReadProcessMemory or WriteProcessMemory request was completed. (0x12B)
[0916/181403.507:WARNING:pe_image_reader.cc(340)] could not read dos header from C:\WINDOWS\SYSTEM32\WINMMBASE.dll
[0916/181403.507:ERROR:process_memory_win.cc(73)] ReadMemory at 0x7ffa6d0f0000 of 64 bytes failed: Only part of a ReadProcessMemory or WriteProcessMemory request was completed. (0x12B)
[0916/181403.508:WARNING:pe_image_reader.cc(340)] could not read dos header from C:\WINDOWS\System32\cfgmgr32.dll
[0916/181403.508:ERROR:process_memory_win.cc(73)] ReadMemory at 0x7ffa68990000 of 64 bytes failed: Only part of a ReadProcessMemory or WriteProcessMemory request was completed. (0x12B)
[0916/181403.508:WARNING:pe_image_reader.cc(340)] could not read dos header from C:\WINDOWS\SYSTEM32\PROPSYS.dll
[0916/181403.508:ERROR:process_memory_win.cc(73)] ReadMemory at 0x7ffa6ef70000 of 64 bytes failed: Only part of a ReadProcessMemory or WriteProcessMemory request was completed. (0x12B)
[0916/181403.508:WARNING:pe_image_reader.cc(340)] could not read dos header from C:\WINDOWS\System32\shcore.dll
[0916/181403.508:ERROR:process_memory_win.cc(73)] ReadMemory at 0x7ffa6bee0000 of 64 bytes failed: Only part of a ReadProcessMemory or WriteProcessMemory request was completed. (0x12B)
[0916/181403.508:WARNING:pe_image_reader.cc(340)] could not read dos header from C:\WINDOWS\SYSTEM32\SSPICLI.DLL
[0916/181403.508:ERROR:process_memory_win.cc(73)] ReadMemory at 0x7ffa6b9c0000 of 64 bytes failed: Only part of a ReadProcessMemory or WriteProcessMemory request was completed. (0x12B)
[0916/181403.508:WARNING:pe_image_reader.cc(340)] could not read dos header from C:\WINDOWS\SYSTEM32\CRYPTBASE.DLL
[0916/181403.599:ERROR:process_memory_win.cc(73)] ReadMemory at 0x7ff786c20000 of 64 bytes failed: Only part of a ReadProcessMemory or WriteProcessMemory request was completed. (0x12B)
[0916/181403.599:WARNING:pe_image_reader.cc(340)] could not read dos header from C:\Program Files (x86)\BraveSoftware\Brave-Browser\Application\brave.exe
[0916/181403.599:ERROR:process_memory_win.cc(73)] ReadMemory at 0x7ffa6f140000 of 64 bytes failed: Only part of a ReadProcessMemory or WriteProcessMemory request was completed. (0x12B)
[0916/181403.599:WARNING:pe_image_reader.cc(340)] could not read dos header from C:\WINDOWS\SYSTEM32\ntdll.dll
[0916/181403.599:ERROR:process_memory_win.cc(73)] ReadMemory at 0x7ffa6ed10000 of 64 bytes failed: Only part of a ReadProcessMemory or WriteProcessMemory request was completed. (0x12B)
[0916/181403.599:WARNING:pe_image_reader.cc(340)] could not read dos header from C:\WINDOWS\System32\KERNEL32.DLL
[0916/181403.599:ERROR:process_memory_win.cc(73)] ReadMemory at 0x7ffa6c320000 of 64 bytes failed: Only part of a ReadProcessMemory or WriteProcessMemory request was completed. (0x12B)
[0916/181403.599:WARNING:pe_image_reader.cc(340)] could not read dos header from C:\WINDOWS\System32\KERNELBASE.dll
[0916/181403.599:ERROR:process_memory_win.cc(73)] ReadMemory at 0x7ffa3f580000 of 64 bytes failed: Only part of a ReadProcessMemory or WriteProcessMemory request was completed. (0x12B)
[0916/181403.599:WARNING:pe_image_reader.cc(340)] could not read dos header from C:\Program Files (x86)\BraveSoftware\Brave-Browser\Application\85.1.13.86\chrome_elf.dll
[0916/181403.599:ERROR:process_memory_win.cc(73)] ReadMemory at 0x7ffa66ba0000 of 64 bytes failed: Only part of a ReadProcessMemory or WriteProcessMemory request was completed. (0x12B)
[0916/181403.599:WARNING:pe_image_reader.cc(340)] could not read dos header from C:\WINDOWS\SYSTEM32\VERSION.dll
[0916/181403.599:ERROR:process_memory_win.cc(73)] ReadMemory at 0x7ffa6dc90000 of 64 bytes failed: Only part of a ReadProcessMemory or WriteProcessMemory request was completed. (0x12B)
[0916/181403.599:WARNING:pe_image_reader.cc(340)] could not read dos header from C:\WINDOWS\System32\msvcrt.dll
[0916/181403.599:ERROR:process_memory_win.cc(73)] ReadMemory at 0x7ffa6c8f0000 of 64 bytes failed: Only part of a ReadProcessMemory or WriteProcessMemory request was completed. (0x12B)
[0916/181403.599:WARNING:pe_image_reader.cc(340)] could not read dos header from C:\WINDOWS\System32\bcryptPrimitives.dll
[0916/181403.599:ERROR:process_memory_win.cc(73)] ReadMemory at 0x7ffa6e6b0000 of 64 bytes failed: Only part of a ReadProcessMemory or WriteProcessMemory request was completed. (0x12B)
[0916/181403.601:WARNING:pe_image_reader.cc(340)] could not read dos header from C:\WINDOWS\System32\ADVAPI32.dll
[0916/181403.601:ERROR:process_memory_win.cc(73)] ReadMemory at 0x7ffa6d210000 of 64 bytes failed: Only part of a ReadProcessMemory or WriteProcessMemory request was completed. (0x12B)
[0916/181403.601:WARNING:pe_image_reader.cc(340)] could not read dos header from C:\WINDOWS\System32\sechost.dll
[0916/181403.601:ERROR:process_memory_win.cc(73)] ReadMemory at 0x7ffa6d9a0000 of 64 bytes failed: Only part of a ReadProcessMemory or WriteProcessMemory request was completed. (0x12B)
[0916/181403.601:WARNING:pe_image_reader.cc(340)] could not read dos header from C:\WINDOWS\System32\RPCRT4.dll
[0916/181403.601:ERROR:process_memory_win.cc(73)] ReadMemory at 0x7ffa25c90000 of 64 bytes failed: Only part of a ReadProcessMemory or WriteProcessMemory request was completed. (0x12B)
[0916/181403.601:WARNING:pe_image_reader.cc(340)] could not read dos header from C:\Program Files (x86)\BraveSoftware\Brave-Browser\Application\85.1.13.86\chrome.dll
[0916/181403.601:ERROR:process_memory_win.cc(73)] ReadMemory at 0x7ffa6db40000 of 64 bytes failed: Only part of a ReadProcessMemory or WriteProcessMemory request was completed. (0x12B)
[0916/181403.601:WARNING:pe_image_reader.cc(340)] could not read dos header from C:\WINDOWS\System32\WS2_32.dll
[0916/181403.601:ERROR:process_memory_win.cc(73)] ReadMemory at 0x7ffa6dd90000 of 64 bytes failed: Only part of a ReadProcessMemory or WriteProcessMemory request was completed. (0x12B)
[0916/181403.601:WARNING:pe_image_reader.cc(340)] could not read dos header from C:\WINDOWS\System32\OLEAUT32.dll
[0916/181403.601:ERROR:process_memory_win.cc(73)] ReadMemory at 0x7ffa6c850000 of 64 bytes failed: Only part of a ReadProcessMemory or WriteProcessMemory request was completed. (0x12B)
[0916/181403.601:WARNING:pe_image_reader.cc(340)] could not read dos header from C:\WINDOWS\System32\msvcp_win.dll
[0916/181403.601:ERROR:process_memory_win.cc(73)] ReadMemory at 0x7ffa6c0d0000 of 64 bytes failed: Only part of a ReadProcessMemory or WriteProcessMemory request was completed. (0x12B)
[0916/181403.601:WARNING:pe_image_reader.cc(340)] could not read dos header from C:\WINDOWS\System32\ucrtbase.dll
[0916/181403.601:ERROR:process_memory_win.cc(73)] ReadMemory at 0x7ffa6e9d0000 of 64 bytes failed: Only part of a ReadProcessMemory or WriteProcessMemory request was completed. (0x12B)
[0916/181403.601:WARNING:pe_image_reader.cc(340)] could not read dos header from C:\WINDOWS\System32\combase.dll
[0916/181403.601:ERROR:process_memory_win.cc(73)] ReadMemory at 0x7ffa6c7f0000 of 64 bytes failed: Only part of a ReadProcessMemory or WriteProcessMemory request was completed. (0x12B)
[0916/181403.601:WARNING:pe_image_reader.cc(340)] could not read dos header from C:\WINDOWS\System32\WINTRUST.dll
[0916/181403.601:ERROR:process_memory_win.cc(73)] ReadMemory at 0x7ffa6c090000 of 64 bytes failed: Only part of a ReadProcessMemory or WriteProcessMemory request was completed. (0x12B)
[0916/181403.601:WARNING:pe_image_reader.cc(340)] could not read dos header from C:\WINDOWS\System32\MSASN1.dll
[0916/181403.601:ERROR:process_memory_win.cc(73)] ReadMemory at 0x7ffa6c1d0000 of 64 bytes failed: Only part of a ReadProcessMemory or WriteProcessMemory request was completed. (0x12B)
[0916/181403.601:WARNING:pe_image_reader.cc(340)] could not read dos header from C:\WINDOWS\System32\CRYPT32.dll
[0916/181403.601:ERROR:process_memory_win.cc(73)] ReadMemory at 0x7ffa6b500000 of 64 bytes failed: Only part of a ReadProcessMemory or WriteProcessMemory request was completed. (0x12B)
[0916/181403.601:WARNING:pe_image_reader.cc(340)] could not read dos header from C:\WINDOWS\SYSTEM32\IPHLPAPI.DLL
[0916/181403.601:ERROR:process_memory_win.cc(73)] ReadMemory at 0x7ffa62350000 of 64 bytes failed: Only part of a ReadProcessMemory or WriteProcessMemory request was completed. (0x12B)
[0916/181403.601:WARNING:pe_image_reader.cc(340)] could not read dos header from C:\WINDOWS\SYSTEM32\WINMM.dll
[0916/181403.601:ERROR:process_memory_win.cc(73)] ReadMemory at 0x7ffa4c560000 of 64 bytes failed: Only part of a ReadProcessMemory or WriteProcessMemory request was completed. (0x12B)
[0916/181403.601:WARNING:pe_image_reader.cc(340)] could not read dos header from C:\WINDOWS\SYSTEM32\UIAutomationCore.DLL
[0916/181403.601:ERROR:process_memory_win.cc(73)] ReadMemory at 0x7ffa62c60000 of 64 bytes failed: Only part of a ReadProcessMemory or WriteProcessMemory request was completed. (0x12B)
[0916/181403.601:WARNING:pe_image_reader.cc(340)] could not read dos header from C:\WINDOWS\SYSTEM32\Secur32.dll
[0916/181403.601:ERROR:process_memory_win.cc(73)] ReadMemory at 0x7ffa6bf20000 of 64 bytes failed: Only part of a ReadProcessMemory or WriteProcessMemory request was completed. (0x12B)
[0916/181403.601:WARNING:pe_image_reader.cc(340)] could not read dos header from C:\WINDOWS\SYSTEM32\USERENV.dll
[0916/181403.601:ERROR:process_memory_win.cc(73)] ReadMemory at 0x7ffa6c010000 of 64 bytes failed: Only part of a ReadProcessMemory or WriteProcessMemory request was completed. (0x12B)
[0916/181403.601:WARNING:pe_image_reader.cc(340)] could not read dos header from C:\WINDOWS\System32\profapi.dll
[0916/181403.601:ERROR:process_memory_win.cc(73)] ReadMemory at 0x7ffa54040000 of 64 bytes failed: Only part of a ReadProcessMemory or WriteProcessMemory request was completed. (0x12B)
[0916/181403.601:WARNING:pe_image_reader.cc(340)] could not read dos header from C:\WINDOWS\SYSTEM32\DWrite.dll
[0916/181403.601:ERROR:process_memory_win.cc(73)] ReadMemory at 0x7ffa66f20000 of 64 bytes failed: Only part of a ReadProcessMemory or WriteProcessMemory request was completed. (0x12B)
[0916/181403.601:WARNING:pe_image_reader.cc(340)] could not read dos header from C:\WINDOWS\SYSTEM32\WINSPOOL.DRV
[0916/181403.601:ERROR:process_memory_win.cc(73)] ReadMemory at 0x7ffa6c0b0000 of 64 bytes failed: Only part of a ReadProcessMemory or WriteProcessMemory request was completed. (0x12B)
[0916/181403.601:WARNING:pe_image_reader.cc(340)] could not read dos header from C:\WINDOWS\System32\kernel.appcore.dll
[0916/181403.601:ERROR:process_memory_win.cc(73)] ReadMemory at 0x7ffa6c620000 of 64 bytes failed: Only part of a ReadProcessMemory or WriteProcessMemory request was completed. (0x12B)
[0916/181403.601:WARNING:pe_image_reader.cc(340)] could not read dos header from C:\WINDOWS\System32\bcrypt.dll
[0916/181403.601:ERROR:process_memory_win.cc(73)] ReadMemory at 0x7ffa64b70000 of 64 bytes failed: Only part of a ReadProcessMemory or WriteProcessMemory request was completed. (0x12B)
[0916/181403.601:WARNING:pe_image_reader.cc(340)] could not read dos header from C:\WINDOWS\SYSTEM32\dbghelp.dll
[0916/181403.601:ERROR:process_memory_win.cc(73)] ReadMemory at 0x7ffa681b0000 of 64 bytes failed: Only part of a ReadProcessMemory or WriteProcessMemory request was completed. (0x12B)
[0916/181403.601:WARNING:pe_image_reader.cc(340)] could not read dos header from C:\WINDOWS\SYSTEM32\WINHTTP.dll
[0916/181403.601:ERROR:process_memory_win.cc(73)] ReadMemory at 0x7ffa64db0000 of 64 bytes failed: Only part of a ReadProcessMemory or WriteProcessMemory request was completed. (0x12B)
[0916/181403.601:WARNING:pe_image_reader.cc(340)] could not read dos header from C:\WINDOWS\SYSTEM32\dhcpcsvc.DLL
[0916/181403.601:ERROR:process_memory_win.cc(73)] ReadMemory at 0x7ffa6f0f0000 of 64 bytes failed: Only part of a ReadProcessMemory or WriteProcessMemory request was completed. (0x12B)
[0916/181403.601:WARNING:pe_image_reader.cc(340)] could not read dos header from C:\WINDOWS\System32\NSI.dll
[0916/181403.601:ERROR:process_memory_win.cc(73)] ReadMemory at 0x7ffa61ba0000 of 64 bytes failed: Only part of a ReadProcessMemory or WriteProcessMemory request was completed. (0x12B)
[0916/181403.601:WARNING:pe_image_reader.cc(340)] could not read dos header from C:\WINDOWS\SYSTEM32\WINMMBASE.dll
[0916/181403.601:ERROR:process_memory_win.cc(73)] ReadMemory at 0x7ffa6d0f0000 of 64 bytes failed: Only part of a ReadProcessMemory or WriteProcessMemory request was completed. (0x12B)
[0916/181403.601:WARNING:pe_image_reader.cc(340)] could not read dos header from C:\WINDOWS\System32\cfgmgr32.dll
[0916/181403.601:ERROR:process_memory_win.cc(73)] ReadMemory at 0x7ffa68990000 of 64 bytes failed: Only part of a ReadProcessMemory or WriteProcessMemory request was completed. (0x12B)
[0916/181403.601:WARNING:pe_image_reader.cc(340)] could not read dos header from C:\WINDOWS\SYSTEM32\PROPSYS.dll
[0916/181403.601:ERROR:process_memory_win.cc(73)] ReadMemory at 0x7ffa6ef70000 of 64 bytes failed: Only part of a ReadProcessMemory or WriteProcessMemory request was completed. (0x12B)
[0916/181403.601:WARNING:pe_image_reader.cc(340)] could not read dos header from C:\WINDOWS\System32\shcore.dll
[0916/181403.601:ERROR:process_memory_win.cc(73)] ReadMemory at 0x7ffa6bee0000 of 64 bytes failed: Only part of a ReadProcessMemory or WriteProcessMemory request was completed. (0x12B)
[0916/181403.601:WARNING:pe_image_reader.cc(340)] could not read dos header from C:\WINDOWS\SYSTEM32\SSPICLI.DLL
[0916/181403.601:ERROR:process_memory_win.cc(73)] ReadMemory at 0x7ffa6b9c0000 of 64 bytes failed: Only part of a ReadProcessMemory or WriteProcessMemory request was completed. (0x12B)
[0916/181403.601:WARNING:pe_image_reader.cc(340)] could not read dos header from C:\WINDOWS\SYSTEM32\CRYPTBASE.DLL
[0916/181403.601:ERROR:process_memory_win.cc(73)] ReadMemory at 0x7ff786c20000 of 64 bytes failed: Only part of a ReadProcessMemory or WriteProcessMemory request was completed. (0x12B)
[0916/181403.601:WARNING:pe_image_reader.cc(340)] could not read dos header from C:\Program Files (x86)\BraveSoftware\Brave-Browser\Application\brave.exe
[0916/181403.601:ERROR:process_memory_win.cc(73)] ReadMemory at 0x7ffa6f140000 of 64 bytes failed: Only part of a ReadProcessMemory or WriteProcessMemory request was completed. (0x12B)
[0916/181403.601:WARNING:pe_image_reader.cc(340)] could not read dos header from C:\WINDOWS\SYSTEM32\ntdll.dll
[0916/181403.601:ERROR:process_memory_win.cc(73)] ReadMemory at 0x7ffa6ed10000 of 64 bytes failed: Only part of a ReadProcessMemory or WriteProcessMemory request was completed. (0x12B)
[0916/181403.602:WARNING:pe_image_reader.cc(340)] could not read dos header from C:\WINDOWS\System32\KERNEL32.DLL
[0916/181403.602:ERROR:process_memory_win.cc(73)] ReadMemory at 0x7ffa6c320000 of 64 bytes failed: Only part of a ReadProcessMemory or WriteProcessMemory request was completed. (0x12B)
[0916/181403.602:WARNING:pe_image_reader.cc(340)] could not read dos header from C:\WINDOWS\System32\KERNELBASE.dll
[0916/181403.602:ERROR:process_memory_win.cc(73)] ReadMemory at 0x7ffa3f580000 of 64 bytes failed: Only part of a ReadProcessMemory or WriteProcessMemory request was completed. (0x12B)
[0916/181403.602:WARNING:pe_image_reader.cc(340)] could not read dos header from C:\Program Files (x86)\BraveSoftware\Brave-Browser\Application\85.1.13.86\chrome_elf.dll
[0916/181403.602:ERROR:process_memory_win.cc(73)] ReadMemory at 0x7ffa66ba0000 of 64 bytes failed: Only part of a ReadProcessMemory or WriteProcessMemory request was completed. (0x12B)
[0916/181403.602:WARNING:pe_image_reader.cc(340)] could not read dos header from C:\WINDOWS\SYSTEM32\VERSION.dll
[0916/181403.602:ERROR:process_memory_win.cc(73)] ReadMemory at 0x7ffa6dc90000 of 64 bytes failed: Only part of a ReadProcessMemory or WriteProcessMemory request was completed. (0x12B)
[0916/181403.602:WARNING:pe_image_reader.cc(340)] could not read dos header from C:\WINDOWS\System32\msvcrt.dll
[0916/181403.602:ERROR:process_memory_win.cc(73)] ReadMemory at 0x7ffa6c8f0000 of 64 bytes failed: Only part of a ReadProcessMemory or WriteProcessMemory request was completed. (0x12B)
[0916/181403.602:WARNING:pe_image_reader.cc(340)] could not read dos header from C:\WINDOWS\System32\bcryptPrimitives.dll
[0916/181403.602:ERROR:process_memory_win.cc(73)] ReadMemory at 0x7ffa6e6b0000 of 64 bytes failed: Only part of a ReadProcessMemory or WriteProcessMemory request was completed. (0x12B)
[0916/181403.602:WARNING:pe_image_reader.cc(340)] could not read dos header from C:\WINDOWS\System32\ADVAPI32.dll
[0916/181403.602:ERROR:process_memory_win.cc(73)] ReadMemory at 0x7ffa6d210000 of 64 bytes failed: Only part of a ReadProcessMemory or WriteProcessMemory request was completed. (0x12B)
[0916/181403.602:WARNING:pe_image_reader.cc(340)] could not read dos header from C:\WINDOWS\System32\sechost.dll
[0916/181403.602:ERROR:process_memory_win.cc(73)] ReadMemory at 0x7ffa6d9a0000 of 64 bytes failed: Only part of a ReadProcessMemory or WriteProcessMemory request was completed. (0x12B)
[0916/181403.602:WARNING:pe_image_reader.cc(340)] could not read dos header from C:\WINDOWS\System32\RPCRT4.dll
[0916/181403.602:ERROR:process_memory_win.cc(73)] ReadMemory at 0x7ffa25c90000 of 64 bytes failed: Only part of a ReadProcessMemory or WriteProcessMemory request was completed. (0x12B)
[0916/181403.602:WARNING:pe_image_reader.cc(340)] could not read dos header from C:\Program Files (x86)\BraveSoftware\Brave-Browser\Application\85.1.13.86\chrome.dll
[0916/181403.602:ERROR:process_memory_win.cc(73)] ReadMemory at 0x7ffa6db40000 of 64 bytes failed: Only part of a ReadProcessMemory or WriteProcessMemory request was completed. (0x12B)
[0916/181403.602:WARNING:pe_image_reader.cc(340)] could not read dos header from C:\WINDOWS\System32\WS2_32.dll
[0916/181403.602:ERROR:process_memory_win.cc(73)] ReadMemory at 0x7ffa6dd90000 of 64 bytes failed: Only part of a ReadProcessMemory or WriteProcessMemory request was completed. (0x12B)
[0916/181403.602:WARNING:pe_image_reader.cc(340)] could not read dos header from C:\WINDOWS\System32\OLEAUT32.dll
[0916/181403.602:ERROR:process_memory_win.cc(73)] ReadMemory at 0x7ffa6c850000 of 64 bytes failed: Only part of a ReadProcessMemory or WriteProcessMemory request was completed. (0x12B)
[0916/181403.602:WARNING:pe_image_reader.cc(340)] could not read dos header from C:\WINDOWS\System32\msvcp_win.dll
[0916/181403.602:ERROR:process_memory_win.cc(73)] ReadMemory at 0x7ffa6c0d0000 of 64 bytes failed: Only part of a ReadProcessMemory or WriteProcessMemory request was completed. (0x12B)
[0916/181403.602:WARNING:pe_image_reader.cc(340)] could not read dos header from C:\WINDOWS\System32\ucrtbase.dll
[0916/181403.602:ERROR:process_memory_win.cc(73)] ReadMemory at 0x7ffa6e9d0000 of 64 bytes failed: Only part of a ReadProcessMemory or WriteProcessMemory request was completed. (0x12B)
[0916/181403.602:WARNING:pe_image_reader.cc(340)] could not read dos header from C:\WINDOWS\System32\combase.dll
[0916/181403.602:ERROR:process_memory_win.cc(73)] ReadMemory at 0x7ffa6c7f0000 of 64 bytes failed: Only part of a ReadProcessMemory or WriteProcessMemory request was completed. (0x12B)
[0916/181403.602:WARNING:pe_image_reader.cc(340)] could not read dos header from C:\WINDOWS\System32\WINTRUST.dll
[0916/181403.602:ERROR:process_memory_win.cc(73)] ReadMemory at 0x7ffa6c090000 of 64 bytes failed: Only part of a ReadProcessMemory or WriteProcessMemory request was completed. (0x12B)
[0916/181403.602:WARNING:pe_image_reader.cc(340)] could not read dos header from C:\WINDOWS\System32\MSASN1.dll
[0916/181403.602:ERROR:process_memory_win.cc(73)] ReadMemory at 0x7ffa6c1d0000 of 64 bytes failed: Only part of a ReadProcessMemory or WriteProcessMemory request was completed. (0x12B)
[0916/181403.602:WARNING:pe_image_reader.cc(340)] could not read dos header from C:\WINDOWS\System32\CRYPT32.dll
[0916/181403.603:ERROR:process_memory_win.cc(73)] ReadMemory at 0x7ffa6b500000 of 64 bytes failed: Only part of a ReadProcessMemory or WriteProcessMemory request was completed. (0x12B)
[0916/181403.603:WARNING:pe_image_reader.cc(340)] could not read dos header from C:\WINDOWS\SYSTEM32\IPHLPAPI.DLL
[0916/181403.603:ERROR:process_memory_win.cc(73)] ReadMemory at 0x7ffa62350000 of 64 bytes failed: Only part of a ReadProcessMemory or WriteProcessMemory request was completed. (0x12B)
[0916/181403.603:WARNING:pe_image_reader.cc(340)] could not read dos header from C:\WINDOWS\SYSTEM32\WINMM.dll
[0916/181403.603:ERROR:process_memory_win.cc(73)] ReadMemory at 0x7ffa4c560000 of 64 bytes failed: Only part of a ReadProcessMemory or WriteProcessMemory request was completed. (0x12B)
[0916/181403.603:WARNING:pe_image_reader.cc(340)] could not read dos header from C:\WINDOWS\SYSTEM32\UIAutomationCore.DLL
[0916/181403.603:ERROR:process_memory_win.cc(73)] ReadMemory at 0x7ffa62c60000 of 64 bytes failed: Only part of a ReadProcessMemory or WriteProcessMemory request was completed. (0x12B)
[0916/181403.603:WARNING:pe_image_reader.cc(340)] could not read dos header from C:\WINDOWS\SYSTEM32\Secur32.dll
[0916/181403.603:ERROR:process_memory_win.cc(73)] ReadMemory at 0x7ffa6bf20000 of 64 bytes failed: Only part of a ReadProcessMemory or WriteProcessMemory request was completed. (0x12B)
[0916/181403.603:WARNING:pe_image_reader.cc(340)] could not read dos header from C:\WINDOWS\SYSTEM32\USERENV.dll
[0916/181403.603:ERROR:process_memory_win.cc(73)] ReadMemory at 0x7ffa6c010000 of 64 bytes failed: Only part of a ReadProcessMemory or WriteProcessMemory request was completed. (0x12B)
[0916/181403.603:WARNING:pe_image_reader.cc(340)] could not read dos header from C:\WINDOWS\System32\profapi.dll
[0916/181403.603:ERROR:process_memory_win.cc(73)] ReadMemory at 0x7ffa54040000 of 64 bytes failed: Only part of a ReadProcessMemory or WriteProcessMemory request was completed. (0x12B)
[0916/181403.603:WARNING:pe_image_reader.cc(340)] could not read dos header from C:\WINDOWS\SYSTEM32\DWrite.dll
[0916/181403.603:ERROR:process_memory_win.cc(73)] ReadMemory at 0x7ffa66f20000 of 64 bytes failed: Only part of a ReadProcessMemory or WriteProcessMemory request was completed. (0x12B)
[0916/181403.603:WARNING:pe_image_reader.cc(340)] could not read dos header from C:\WINDOWS\SYSTEM32\WINSPOOL.DRV
[0916/181403.603:ERROR:process_memory_win.cc(73)] ReadMemory at 0x7ffa6c0b0000 of 64 bytes failed: Only part of a ReadProcessMemory or WriteProcessMemory request was completed. (0x12B)
[0916/181403.603:WARNING:pe_image_reader.cc(340)] could not read dos header from C:\WINDOWS\System32\kernel.appcore.dll
[0916/181403.603:ERROR:process_memory_win.cc(73)] ReadMemory at 0x7ffa6c620000 of 64 bytes failed: Only part of a ReadProcessMemory or WriteProcessMemory request was completed. (0x12B)
[0916/181403.603:WARNING:pe_image_reader.cc(340)] could not read dos header from C:\WINDOWS\System32\bcrypt.dll
[0916/181403.603:ERROR:process_memory_win.cc(73)] ReadMemory at 0x7ffa64b70000 of 64 bytes failed: Only part of a ReadProcessMemory or WriteProcessMemory request was completed. (0x12B)
[0916/181403.603:WARNING:pe_image_reader.cc(340)] could not read dos header from C:\WINDOWS\SYSTEM32\dbghelp.dll
[0916/181403.603:ERROR:process_memory_win.cc(73)] ReadMemory at 0x7ffa681b0000 of 64 bytes failed: Only part of a ReadProcessMemory or WriteProcessMemory request was completed. (0x12B)
[0916/181403.603:WARNING:pe_image_reader.cc(340)] could not read dos header from C:\WINDOWS\SYSTEM32\WINHTTP.dll
[0916/181403.603:ERROR:process_memory_win.cc(73)] ReadMemory at 0x7ffa64db0000 of 64 bytes failed: Only part of a ReadProcessMemory or WriteProcessMemory request was completed. (0x12B)
[0916/181403.603:WARNING:pe_image_reader.cc(340)] could not read dos header from C:\WINDOWS\SYSTEM32\dhcpcsvc.DLL
[0916/181403.603:ERROR:process_memory_win.cc(73)] ReadMemory at 0x7ffa6f0f0000 of 64 bytes failed: Only part of a ReadProcessMemory or WriteProcessMemory request was completed. (0x12B)
[0916/181403.603:WARNING:pe_image_reader.cc(340)] could not read dos header from C:\WINDOWS\System32\NSI.dll
[0916/181403.603:ERROR:process_memory_win.cc(73)] ReadMemory at 0x7ffa61ba0000 of 64 bytes failed: Only part of a ReadProcessMemory or WriteProcessMemory request was completed. (0x12B)
[0916/181403.603:WARNING:pe_image_reader.cc(340)] could not read dos header from C:\WINDOWS\SYSTEM32\WINMMBASE.dll
[0916/181403.603:ERROR:process_memory_win.cc(73)] ReadMemory at 0x7ffa6d0f0000 of 64 bytes failed: Only part of a ReadProcessMemory or WriteProcessMemory request was completed. (0x12B)
[0916/181403.603:WARNING:pe_image_reader.cc(340)] could not read dos header from C:\WINDOWS\System32\cfgmgr32.dll
[0916/181403.603:ERROR:process_memory_win.cc(73)] ReadMemory at 0x7ffa68990000 of 64 bytes failed: Only part of a ReadProcessMemory or WriteProcessMemory request was completed. (0x12B)
[0916/181403.604:WARNING:pe_image_reader.cc(340)] could not read dos header from C:\WINDOWS\SYSTEM32\PROPSYS.dll
[0916/181403.604:ERROR:process_memory_win.cc(73)] ReadMemory at 0x7ffa6ef70000 of 64 bytes failed: Only part of a ReadProcessMemory or WriteProcessMemory request was completed. (0x12B)
[0916/181403.604:WARNING:pe_image_reader.cc(340)] could not read dos header from C:\WINDOWS\System32\shcore.dll
[0916/181403.604:ERROR:process_memory_win.cc(73)] ReadMemory at 0x7ffa6bee0000 of 64 bytes failed: Only part of a ReadProcessMemory or WriteProcessMemory request was completed. (0x12B)
[0916/181403.604:WARNING:pe_image_reader.cc(340)] could not read dos header from C:\WINDOWS\SYSTEM32\SSPICLI.DLL
[0916/181403.604:ERROR:process_memory_win.cc(73)] ReadMemory at 0x7ffa6b9c0000 of 64 bytes failed: Only part of a ReadProcessMemory or WriteProcessMemory request was completed. (0x12B)
[0916/181403.604:WARNING:pe_image_reader.cc(340)] could not read dos header from C:\WINDOWS\SYSTEM32\CRYPTBASE.DLL
[0916/181403.658:ERROR:process_memory_win.cc(73)] ReadMemory at 0x5bda1d4000 of 180224 bytes failed: Only part of a ReadProcessMemory or WriteProcessMemory request was completed. (0x12B)
[0916/181403.659:ERROR:process_memory_win.cc(73)] ReadMemory at 0x5bda9fd000 of 12288 bytes failed: Only part of a ReadProcessMemory or WriteProcessMemory request was completed. (0x12B)
[0916/181403.659:ERROR:process_memory_win.cc(73)] ReadMemory at 0x5bdb9fc000 of 16384 bytes failed: Only part of a ReadProcessMemory or WriteProcessMemory request was completed. (0x12B)
[0916/181403.659:ERROR:process_memory_win.cc(73)] ReadMemory at 0x5bdc1fc000 of 16384 bytes failed: Only part of a ReadProcessMemory or WriteProcessMemory request was completed. (0x12B)
[0916/181403.659:ERROR:process_memory_win.cc(73)] ReadMemory at 0x5bdc9fe000 of 8192 bytes failed: Only part of a ReadProcessMemory or WriteProcessMemory request was completed. (0x12B)
[0916/181403.659:ERROR:process_memory_win.cc(73)] ReadMemory at 0x5bdd1fd000 of 12288 bytes failed: Only part of a ReadProcessMemory or WriteProcessMemory request was completed. (0x12B)
[0916/181403.659:ERROR:process_memory_win.cc(73)] ReadMemory at 0x5bdd9fb000 of 20480 bytes failed: Only part of a ReadProcessMemory or WriteProcessMemory request was completed. (0x12B)
[0916/181403.660:ERROR:process_memory_win.cc(73)] ReadMemory at 0x5bde9fb000 of 20480 bytes failed: Only part of a ReadProcessMemory or WriteProcessMemory request was completed. (0x12B)
[0916/181403.660:ERROR:process_memory_win.cc(73)] ReadMemory at 0x5bdf1f6000 of 40960 bytes failed: Only part of a ReadProcessMemory or WriteProcessMemory request was completed. (0x12B)
[0916/181403.660:ERROR:process_memory_win.cc(73)] ReadMemory at 0x5bdf9f5000 of 45056 bytes failed: Only part of a ReadProcessMemory or WriteProcessMemory request was completed. (0x12B)
[0916/181403.660:ERROR:process_memory_win.cc(73)] ReadMemory at 0x5be01fb000 of 20480 bytes failed: Only part of a ReadProcessMemory or WriteProcessMemory request was completed. (0x12B)
[0916/181403.660:ERROR:process_memory_win.cc(73)] ReadMemory at 0x5be11ee000 of 73728 bytes failed: Only part of a ReadProcessMemory or WriteProcessMemory request was completed. (0x12B)
[0916/181403.660:ERROR:process_memory_win.cc(73)] ReadMemory at 0x5be19fd000 of 12288 bytes failed: Only part of a ReadProcessMemory or WriteProcessMemory request was completed. (0x12B)
[0916/181403.660:ERROR:process_memory_win.cc(73)] ReadMemory at 0x5be09fc000 of 16384 bytes failed: Only part of a ReadProcessMemory or WriteProcessMemory request was completed. (0x12B)
[0916/181403.660:ERROR:process_memory_win.cc(73)] ReadMemory at 0x5bdb1fd000 of 12288 bytes failed: Only part of a ReadProcessMemory or WriteProcessMemory request was completed. (0x12B)
[0916/181403.660:ERROR:process_memory_win.cc(73)] ReadMemory at 0x5bde1ff000 of 4096 bytes failed: Only part of a ReadProcessMemory or WriteProcessMemory request was completed. (0x12B)
[0916/181403.660:ERROR:process_memory_win.cc(73)] ReadMemory at 0x5bd98de000 of 6024 bytes failed: Only part of a ReadProcessMemory or WriteProcessMemory request was completed. (0x12B)
[0916/181403.660:ERROR:process_memory_win.cc(73)] ReadMemory at 0x5bd98f4000 of 6024 bytes failed: Only part of a ReadProcessMemory or WriteProcessMemory request was completed. (0x12B)
[0916/181403.660:ERROR:process_memory_win.cc(73)] ReadMemory at 0x5bd98f6000 of 6024 bytes failed: Only part of a ReadProcessMemory or WriteProcessMemory request was completed. (0x12B)
[0916/181403.660:ERROR:process_memory_win.cc(73)] ReadMemory at 0x5bd9975000 of 852 bytes failed: Only part of a ReadProcessMemory or WriteProcessMemory request was completed. (0x12B)
[0916/181403.660:ERROR:process_memory_win.cc(73)] ReadMemory at 0x5bd9976000 of 6024 bytes failed: Only part of a ReadProcessMemory or WriteProcessMemory request was completed. (0x12B)
[0916/181403.661:ERROR:process_memory_win.cc(73)] ReadMemory at 0x5bd9978000 of 6024 bytes failed: Only part of a ReadProcessMemory or WriteProcessMemory request was completed. (0x12B)
[0916/181403.661:ERROR:process_memory_win.cc(73)] ReadMemory at 0x5bd997c000 of 6024 bytes failed: Only part of a ReadProcessMemory or WriteProcessMemory request was completed. (0x12B)
[0916/181403.661:ERROR:process_memory_win.cc(73)] ReadMemory at 0x5bd997e000 of 6024 bytes failed: Only part of a ReadProcessMemory or WriteProcessMemory request was completed. (0x12B)
[0916/181403.661:ERROR:process_memory_win.cc(73)] ReadMemory at 0x5bd9980000 of 6024 bytes failed: Only part of a ReadProcessMemory or WriteProcessMemory request was completed. (0x12B)
[0916/181403.661:ERROR:process_memory_win.cc(73)] ReadMemory at 0x5bd9982000 of 6024 bytes failed: Only part of a ReadProcessMemory or WriteProcessMemory request was completed. (0x12B)
[0916/181403.661:ERROR:process_memory_win.cc(73)] ReadMemory at 0x5bd9984000 of 6024 bytes failed: Only part of a ReadProcessMemory or WriteProcessMemory request was completed. (0x12B)
[0916/181403.661:ERROR:process_memory_win.cc(73)] ReadMemory at 0x5bd9988000 of 6024 bytes failed: Only part of a ReadProcessMemory or WriteProcessMemory request was completed. (0x12B)
[0916/181403.661:ERROR:process_memory_win.cc(73)] ReadMemory at 0x5bd998a000 of 6024 bytes failed: Only part of a ReadProcessMemory or WriteProcessMemory request was completed. (0x12B)
[0916/181403.661:ERROR:process_memory_win.cc(73)] ReadMemory at 0x5bd998c000 of 6024 bytes failed: Only part of a ReadProcessMemory or WriteProcessMemory request was completed. (0x12B)
[0916/181403.661:ERROR:process_memory_win.cc(73)] ReadMemory at 0x5bd998e000 of 6024 bytes failed: Only part of a ReadProcessMemory or WriteProcessMemory request was completed. (0x12B)
[0916/181403.661:ERROR:process_memory_win.cc(73)] ReadMemory at 0x5bd9996000 of 6024 bytes failed: Only part of a ReadProcessMemory or WriteProcessMemory request was completed. (0x12B)
[0916/181403.661:ERROR:process_memory_win.cc(73)] ReadMemory at 0x5bd99b4000 of 6024 bytes failed: Only part of a ReadProcessMemory or WriteProcessMemory request was completed. (0x12B)
[0916/181403.662:ERROR:process_memory_win.cc(73)] ReadMemory at 0x1c08039f730 of 512 bytes failed: Only part of a ReadProcessMemory or WriteProcessMemory request was completed. (0x12B)
[0916/181403.662:ERROR:process_memory_win.cc(73)] ReadMemory at 0x1c0f3853c00 of 1012 bytes failed: Only part of a ReadProcessMemory or WriteProcessMemory request was completed. (0x12B)
[0916/181403.662:ERROR:process_memory_win.cc(73)] ReadMemory at 0x1c0f3854248 of 144 bytes failed: Only part of a ReadProcessMemory or WriteProcessMemory request was completed. (0x12B)
[0916/181403.662:ERROR:process_memory_win.cc(73)] ReadMemory at 0x1c0f38542da of 2124 bytes failed: Only part of a ReadProcessMemory or WriteProcessMemory request was completed. (0x12B)
[0916/181403.662:ERROR:process_memory_win.cc(73)] ReadMemory at 0x1c0f3854b28 of 144 bytes failed: Only part of a ReadProcessMemory or WriteProcessMemory request was completed. (0x12B)
[0916/181403.662:ERROR:process_memory_win.cc(73)] ReadMemory at 0x1c0f3854bba of 96 bytes failed: Only part of a ReadProcessMemory or WriteProcessMemory request was completed. (0x12B)
[0916/181403.662:ERROR:process_memory_win.cc(73)] ReadMemory at 0x1c0f3854c30 of 58 bytes failed: Only part of a ReadProcessMemory or WriteProcessMemory request was completed. (0x12B)
[0916/181403.662:ERROR:process_memory_win.cc(73)] ReadMemory at 0x1c0f3854d30 of 132 bytes failed: Only part of a ReadProcessMemory or WriteProcessMemory request was completed. (0x12B)
[0916/181403.662:ERROR:process_memory_win.cc(73)] ReadMemory at 0x1c0f3854ec0 of 132 bytes failed: Only part of a ReadProcessMemory or WriteProcessMemory request was completed. (0x12B)
[0916/181403.663:ERROR:process_memory_win.cc(73)] ReadMemory at 0x1c0f3855080 of 148 bytes failed: Only part of a ReadProcessMemory or WriteProcessMemory request was completed. (0x12B)
[0916/181403.663:ERROR:process_memory_win.cc(73)] ReadMemory at 0x1c0f3855460 of 132 bytes failed: Only part of a ReadProcessMemory or WriteProcessMemory request was completed. (0x12B)
[0916/181403.663:ERROR:process_memory_win.cc(73)] ReadMemory at 0x1c0f38555f0 of 64 bytes failed: Only part of a ReadProcessMemory or WriteProcessMemory request was completed. (0x12B)
[0916/181403.663:ERROR:process_memory_win.cc(73)] ReadMemory at 0x1c0f3855a50 of 132 bytes failed: Only part of a ReadProcessMemory or WriteProcessMemory request was completed. (0x12B)
[0916/181403.663:ERROR:process_memory_win.cc(73)] ReadMemory at 0x1c0f3855be0 of 68 bytes failed: Only part of a ReadProcessMemory or WriteProcessMemory request was completed. (0x12B)
[0916/181403.664:ERROR:process_memory_win.cc(73)] ReadMemory at 0x1c0f3856e70 of 132 bytes failed: Only part of a ReadProcessMemory or WriteProcessMemory request was completed. (0x12B)
[0916/181403.664:ERROR:process_memory_win.cc(73)] ReadMemory at 0x1c0f3856fd0 of 132 bytes failed: Only part of a ReadProcessMemory or WriteProcessMemory request was completed. (0x12B)
[0916/181403.664:ERROR:process_memory_win.cc(73)] ReadMemory at 0x1c0f3857100 of 176 bytes failed: Only part of a ReadProcessMemory or WriteProcessMemory request was completed. (0x12B)
[0916/181403.664:ERROR:process_memory_win.cc(73)] ReadMemory at 0x1c0f38596f0 of 62 bytes failed: Only part of a ReadProcessMemory or WriteProcessMemory request was completed. (0x12B)
[0916/181403.664:ERROR:process_memory_win.cc(73)] ReadMemory at 0x1c0f3859820 of 132 bytes failed: Only part of a ReadProcessMemory or WriteProcessMemory request was completed. (0x12B)
[0916/181403.664:ERROR:process_memory_win.cc(73)] ReadMemory at 0x1c0f38599b0 of 60 bytes failed: Only part of a ReadProcessMemory or WriteProcessMemory request was completed. (0x12B)
[0916/181403.664:ERROR:process_memory_win.cc(73)] ReadMemory at 0x1c0f38616d0 of 62 bytes failed: Only part of a ReadProcessMemory or WriteProcessMemory request was completed. (0x12B)
[0916/181403.664:ERROR:process_memory_win.cc(73)] ReadMemory at 0x1c0f38695a0 of 132 bytes failed: Only part of a ReadProcessMemory or WriteProcessMemory request was completed. (0x12B)
[0916/181403.664:ERROR:process_memory_win.cc(73)] ReadMemory at 0x1c0f38698a0 of 64 bytes failed: Only part of a ReadProcessMemory or WriteProcessMemory request was completed. (0x12B)
[0916/181403.664:ERROR:process_memory_win.cc(73)] ReadMemory at 0x1c0f38698f0 of 64 bytes failed: Only part of a ReadProcessMemory or WriteProcessMemory request was completed. (0x12B)
[0916/181403.664:ERROR:process_memory_win.cc(73)] ReadMemory at 0x1c0f3869940 of 58 bytes failed: Only part of a ReadProcessMemory or WriteProcessMemory request was completed. (0x12B)
[0916/181403.664:ERROR:process_memory_win.cc(73)] ReadMemory at 0x1c0f38699e0 of 62 bytes failed: Only part of a ReadProcessMemory or WriteProcessMemory request was completed. (0x12B)
[0916/181403.665:ERROR:process_memory_win.cc(73)] ReadMemory at 0x1c0f3869a30 of 62 bytes failed: Only part of a ReadProcessMemory or WriteProcessMemory request was completed. (0x12B)
[0916/181403.665:ERROR:process_memory_win.cc(73)] ReadMemory at 0x1c0f3869a80 of 64 bytes failed: Only part of a ReadProcessMemory or WriteProcessMemory request was completed. (0x12B)
[0916/181403.665:ERROR:process_memory_win.cc(73)] ReadMemory at 0x1c0f3869ad0 of 60 bytes failed: Only part of a ReadProcessMemory or WriteProcessMemory request was completed. (0x12B)
[0916/181403.665:ERROR:process_memory_win.cc(73)] ReadMemory at 0x1c0f3869bc0 of 64 bytes failed: Only part of a ReadProcessMemory or WriteProcessMemory request was completed. (0x12B)
[0916/181403.665:ERROR:process_memory_win.cc(73)] ReadMemory at 0x1c0f3869c60 of 62 bytes failed: Only part of a ReadProcessMemory or WriteProcessMemory request was completed. (0x12B)
[0916/181403.665:ERROR:process_memory_win.cc(73)] ReadMemory at 0x1c0f3869cb0 of 66 bytes failed: Only part of a ReadProcessMemory or WriteProcessMemory request was completed. (0x12B)
[0916/181403.665:ERROR:process_memory_win.cc(73)] ReadMemory at 0x1c0f3869e40 of 62 bytes failed: Only part of a ReadProcessMemory or WriteProcessMemory request was completed. (0x12B)
[0916/181403.665:ERROR:process_memory_win.cc(73)] ReadMemory at 0x1c0f3869e90 of 64 bytes failed: Only part of a ReadProcessMemory or WriteProcessMemory request was completed. (0x12B)
[0916/181403.665:ERROR:process_memory_win.cc(73)] ReadMemory at 0x1c0f3869ee0 of 62 bytes failed: Only part of a ReadProcessMemory or WriteProcessMemory request was completed. (0x12B)
[0916/181403.665:ERROR:process_memory_win.cc(73)] ReadMemory at 0x1c0f3869fd0 of 62 bytes failed: Only part of a ReadProcessMemory or WriteProcessMemory request was completed. (0x12B)
[0916/181403.665:ERROR:process_memory_win.cc(73)] ReadMemory at 0x1c0f386a070 of 64 bytes failed: Only part of a ReadProcessMemory or WriteProcessMemory request was completed. (0x12B)
[0916/181403.665:ERROR:process_memory_win.cc(73)] ReadMemory at 0x1c0f386a110 of 64 bytes failed: Only part of a ReadProcessMemory or WriteProcessMemory request was completed. (0x12B)
[0916/181403.665:ERROR:process_memory_win.cc(73)] ReadMemory at 0x1c0f386a1b0 of 66 bytes failed: Only part of a ReadProcessMemory or WriteProcessMemory request was completed. (0x12B)
[0916/181403.665:ERROR:process_memory_win.cc(73)] ReadMemory at 0x1c0f386a2a0 of 62 bytes failed: Only part of a ReadProcessMemory or WriteProcessMemory request was completed. (0x12B)
[0916/181403.665:ERROR:process_memory_win.cc(73)] ReadMemory at 0x1c0f386a2f0 of 60 bytes failed: Only part of a ReadProcessMemory or WriteProcessMemory request was completed. (0x12B)
[0916/181403.665:ERROR:process_memory_win.cc(73)] ReadMemory at 0x1c0f386a3e0 of 60 bytes failed: Only part of a ReadProcessMemory or WriteProcessMemory request was completed. (0x12B)
[0916/181403.666:ERROR:process_memory_win.cc(73)] ReadMemory at 0x1c0f386a4d0 of 62 bytes failed: Only part of a ReadProcessMemory or WriteProcessMemory request was completed. (0x12B)
[0916/181403.666:ERROR:process_memory_win.cc(73)] ReadMemory at 0x1c0f386a520 of 62 bytes failed: Only part of a ReadProcessMemory or WriteProcessMemory request was completed. (0x12B)
[0916/181403.666:ERROR:process_memory_win.cc(73)] ReadMemory at 0x1c0f386a570 of 64 bytes failed: Only part of a ReadProcessMemory or WriteProcessMemory request was completed. (0x12B)
[0916/181403.666:ERROR:process_memory_win.cc(73)] ReadMemory at 0x1c0f386a610 of 60 bytes failed: Only part of a ReadProcessMemory or WriteProcessMemory request was completed. (0x12B)
[0916/181403.666:ERROR:process_memory_win.cc(73)] ReadMemory at 0x1c0f386a660 of 60 bytes failed: Only part of a ReadProcessMemory or WriteProcessMemory request was completed. (0x12B)
[0916/181403.666:ERROR:process_memory_win.cc(73)] ReadMemory at 0x1c0f386a7a0 of 60 bytes failed: Only part of a ReadProcessMemory or WriteProcessMemory request was completed. (0x12B)
[0916/181403.666:ERROR:process_memory_win.cc(73)] ReadMemory at 0x1c0f386a860 of 132 bytes failed: Only part of a ReadProcessMemory or WriteProcessMemory request was completed. (0x12B)
[0916/181403.666:ERROR:process_memory_win.cc(73)] ReadMemory at 0x1c0f386aa70 of 132 bytes failed: Only part of a ReadProcessMemory or WriteProcessMemory request was completed. (0x12B)
[0916/181403.666:ERROR:process_memory_win.cc(73)] ReadMemory at 0x1c0f386c540 of 80 bytes failed: Only part of a ReadProcessMemory or WriteProcessMemory request was completed. (0x12B)
[0916/181403.666:ERROR:process_memory_win.cc(73)] ReadMemory at 0x1c0f386d0c0 of 132 bytes failed: Only part of a ReadProcessMemory or WriteProcessMemory request was completed. (0x12B)
[0916/181403.790:ERROR:process_memory_win.cc(73)] ReadMemory at 0x1c0f386e250 of 132 bytes failed: Only part of a ReadProcessMemory or WriteProcessMemory request was completed. (0x12B)
[0916/181403.790:ERROR:process_memory_win.cc(73)] ReadMemory at 0x1c0f386e380 of 132 bytes failed: Only part of a ReadProcessMemory or WriteProcessMemory request was completed. (0x12B)
[0916/181403.790:ERROR:process_memory_win.cc(73)] ReadMemory at 0x1c0f386e4b0 of 132 bytes failed: Only part of a ReadProcessMemory or WriteProcessMemory request was completed. (0x12B)
[0916/181403.790:ERROR:process_memory_win.cc(73)] ReadMemory at 0x1c0f386e5e0 of 132 bytes failed: Only part of a ReadProcessMemory or WriteProcessMemory request was completed. (0x12B)
[0916/181403.790:ERROR:process_memory_win.cc(73)] ReadMemory at 0x1c0f386e710 of 132 bytes failed: Only part of a ReadProcessMemory or WriteProcessMemory request was completed. (0x12B)
[0916/181403.790:ERROR:process_memory_win.cc(73)] ReadMemory at 0x1c0f386e840 of 132 bytes failed: Only part of a ReadProcessMemory or WriteProcessMemory request was completed. (0x12B)
[0916/181403.790:ERROR:process_memory_win.cc(73)] ReadMemory at 0x1c0f386e970 of 132 bytes failed: Only part of a ReadProcessMemory or WriteProcessMemory request was completed. (0x12B)
[0916/181403.790:ERROR:process_memory_win.cc(73)] ReadMemory at 0x1c0f386eaa0 of 132 bytes failed: Only part of a ReadProcessMemory or WriteProcessMemory request was completed. (0x12B)
[0916/181403.791:ERROR:process_memory_win.cc(73)] ReadMemory at 0x1c0f386ebd0 of 132 bytes failed: Only part of a ReadProcessMemory or WriteProcessMemory request was completed. (0x12B)
[0916/181403.791:ERROR:process_memory_win.cc(73)] ReadMemory at 0x1c0f386ed00 of 132 bytes failed: Only part of a ReadProcessMemory or WriteProcessMemory request was completed. (0x12B)
[0916/181403.791:ERROR:process_memory_win.cc(73)] ReadMemory at 0x1c0f386ef60 of 132 bytes failed: Only part of a ReadProcessMemory or WriteProcessMemory request was completed. (0x12B)
[0916/181403.791:ERROR:process_memory_win.cc(73)] ReadMemory at 0x1c0f386f090 of 132 bytes failed: Only part of a ReadProcessMemory or WriteProcessMemory request was completed. (0x12B)
[0916/181403.791:ERROR:process_memory_win.cc(73)] ReadMemory at 0x1c0f386fc20 of 76 bytes failed: Only part of a ReadProcessMemory or WriteProcessMemory request was completed. (0x12B)
[0916/181403.791:ERROR:process_memory_win.cc(73)] ReadMemory at 0x1c0f386fd40 of 80 bytes failed: Only part of a ReadProcessMemory or WriteProcessMemory request was completed. (0x12B)
[0916/181403.791:ERROR:process_memory_win.cc(73)] ReadMemory at 0x1c0f3870600 of 132 bytes failed: Only part of a ReadProcessMemory or WriteProcessMemory request was completed. (0x12B)
[0916/181403.792:ERROR:process_memory_win.cc(73)] ReadMemory at 0x1c0f38730e0 of 132 bytes failed: Only part of a ReadProcessMemory or WriteProcessMemory request was completed. (0x12B)
[0916/181403.792:ERROR:process_memory_win.cc(73)] ReadMemory at 0x1c0f38733f0 of 132 bytes failed: Only part of a ReadProcessMemory or WriteProcessMemory request was completed. (0x12B)
[0916/181403.792:ERROR:process_memory_win.cc(73)] ReadMemory at 0x1c0f38743f0 of 54 bytes failed: Only part of a ReadProcessMemory or WriteProcessMemory request was completed. (0x12B)
[0916/181403.792:ERROR:process_memory_win.cc(73)] ReadMemory at 0x1c0f38752a0 of 132 bytes failed: Only part of a ReadProcessMemory or WriteProcessMemory request was completed. (0x12B)
[0916/181403.792:ERROR:process_memory_win.cc(73)] ReadMemory at 0x1c0f38754c0 of 132 bytes failed: Only part of a ReadProcessMemory or WriteProcessMemory request was completed. (0x12B)
[0916/181403.792:ERROR:process_memory_win.cc(73)] ReadMemory at 0x1c0f3877cb0 of 132 bytes failed: Only part of a ReadProcessMemory or WriteProcessMemory request was completed. (0x12B)
[0916/181403.792:ERROR:process_memory_win.cc(73)] ReadMemory at 0x1c0f3877de0 of 168 bytes failed: Only part of a ReadProcessMemory or WriteProcessMemory request was completed. (0x12B)
[0916/181403.793:ERROR:process_memory_win.cc(73)] ReadMemory at 0x1c0f3878400 of 132 bytes failed: Only part of a ReadProcessMemory or WriteProcessMemory request was completed. (0x12B)
[0916/181403.793:ERROR:process_memory_win.cc(73)] ReadMemory at 0x1c0f3878790 of 132 bytes failed: Only part of a ReadProcessMemory or WriteProcessMemory request was completed. (0x12B)
[0916/181403.793:ERROR:process_memory_win.cc(73)] ReadMemory at 0x1c0f3879110 of 132 bytes failed: Only part of a ReadProcessMemory or WriteProcessMemory request was completed. (0x12B)
[0916/181403.909:ERROR:process_memory_win.cc(73)] ReadMemory at 0x1c0f3879240 of 132 bytes failed: Only part of a ReadProcessMemory or WriteProcessMemory request was completed. (0x12B)
[0916/181403.910:ERROR:process_memory_win.cc(73)] ReadMemory at 0x1c0f38794a0 of 132 bytes failed: Only part of a ReadProcessMemory or WriteProcessMemory request was completed. (0x12B)
[0916/181403.910:ERROR:process_memory_win.cc(73)] ReadMemory at 0x1c0f3879700 of 132 bytes failed: Only part of a ReadProcessMemory or WriteProcessMemory request was completed. (0x12B)
[0916/181403.910:ERROR:process_memory_win.cc(73)] ReadMemory at 0x1c0f3879830 of 132 bytes failed: Only part of a ReadProcessMemory or WriteProcessMemory request was completed. (0x12B)
[0916/181403.910:ERROR:process_memory_win.cc(73)] ReadMemory at 0x1c0f3879960 of 132 bytes failed: Only part of a ReadProcessMemory or WriteProcessMemory request was completed. (0x12B)
[0916/181403.910:ERROR:process_memory_win.cc(73)] ReadMemory at 0x1c0f3879a90 of 132 bytes failed: Only part of a ReadProcessMemory or WriteProcessMemory request was completed. (0x12B)
[0916/181403.911:ERROR:process_memory_win.cc(73)] ReadMemory at 0x1c0f3879f50 of 132 bytes failed: Only part of a ReadProcessMemory or WriteProcessMemory request was completed. (0x12B)
[0916/181403.911:ERROR:process_memory_win.cc(73)] ReadMemory at 0x1c0f388bd00 of 512 bytes failed: Only part of a ReadProcessMemory or WriteProcessMemory request was completed. (0x12B)
[0916/181403.911:ERROR:process_memory_win.cc(73)] ReadMemory at 0x1c0f3926a00 of 512 bytes failed: Only part of a ReadProcessMemory or WriteProcessMemory request was completed. (0x12B)
[0916/181403.911:ERROR:process_memory_win.cc(73)] ReadMemory at 0x1c0f39286f0 of 512 bytes failed: Only part of a ReadProcessMemory or WriteProcessMemory request was completed. (0x12B)
[0916/181403.911:ERROR:process_memory_win.cc(73)] ReadMemory at 0x1c0f3930dc0 of 712 bytes failed: Only part of a ReadProcessMemory or WriteProcessMemory request was completed. (0x12B)
[0916/181403.911:ERROR:process_memory_win.cc(73)] ReadMemory at 0x1c0f39439a0 of 512 bytes failed: Only part of a ReadProcessMemory or WriteProcessMemory request was completed. (0x12B)
[0916/181403.911:ERROR:process_memory_win.cc(73)] ReadMemory at 0x1c0f3952f80 of 512 bytes failed: Only part of a ReadProcessMemory or WriteProcessMemory request was completed. (0x12B)
[0916/181403.912:ERROR:process_memory_win.cc(73)] ReadMemory at 0x1c0f3b81780 of 512 bytes failed: Only part of a ReadProcessMemory or WriteProcessMemory request was completed. (0x12B)
[0916/181403.912:ERROR:process_memory_win.cc(73)] ReadMemory at 0x1c0f629f500 of 512 bytes failed: Only part of a ReadProcessMemory or WriteProcessMemory request was completed. (0x12B)
[0916/181403.912:ERROR:process_memory_win.cc(73)] ReadMemory at 0x1c0f6453190 of 512 bytes failed: Only part of a ReadProcessMemory or WriteProcessMemory request was completed. (0x12B)
[0916/181403.912:ERROR:process_memory_win.cc(73)] ReadMemory at 0x1c0f9ba0060 of 512 bytes failed: Only part of a ReadProcessMemory or WriteProcessMemory request was completed. (0x12B)
[0916/181403.913:ERROR:process_memory_win.cc(73)] ReadMemory at 0x1c0fa10f490 of 512 bytes failed: Only part of a ReadProcessMemory or WriteProcessMemory request was completed. (0x12B)
[0916/181403.913:ERROR:process_memory_win.cc(73)] ReadMemory at 0x3e4a9874a1d0 of 512 bytes failed: Only part of a ReadProcessMemory or WriteProcessMemory request was completed. (0x12B)
[0916/181403.914:ERROR:process_memory_win.cc(73)] ReadMemory at 0x3e4a987a76e0 of 512 bytes failed: Only part of a ReadProcessMemory or WriteProcessMemory request was completed. (0x12B)
[0916/181403.914:ERROR:process_memory_win.cc(73)] ReadMemory at 0x3e4a98847240 of 512 bytes failed: Only part of a ReadProcessMemory or WriteProcessMemory request was completed. (0x12B)
[0916/181403.914:ERROR:process_memory_win.cc(73)] ReadMemory at 0x47e3aa804000 of 384 bytes failed: Only part of a ReadProcessMemory or WriteProcessMemory request was completed. (0x12B)
[0916/181403.914:ERROR:process_memory_win.cc(73)] ReadMemory at 0x47e3aa84ba20 of 512 bytes failed: Only part of a ReadProcessMemory or WriteProcessMemory request was completed. (0x12B)
[0916/181403.915:ERROR:process_memory_win.cc(73)] ReadMemory at 0x47e3aaa7a840 of 512 bytes failed: Only part of a ReadProcessMemory or WriteProcessMemory request was completed. (0x12B)
[0916/181403.915:ERROR:process_memory_win.cc(73)] ReadMemory at 0x7ffa29d7eb48 of 512 bytes failed: Only part of a ReadProcessMemory or WriteProcessMemory request was completed. (0x12B)
[0916/181403.915:ERROR:process_memory_win.cc(73)] ReadMemory at 0x7ffa3f5a8fc4 of 512 bytes failed: Only part of a ReadProcessMemory or WriteProcessMemory request was completed. (0x12B)
[0916/181403.915:ERROR:process_memory_win.cc(73)] ReadMemory at 0x7ffa3f5a94c8 of 512 bytes failed: Only part of a ReadProcessMemory or WriteProcessMemory request was completed. (0x12B)
[0916/181403.952:ERROR:process_memory_win.cc(73)] ReadMemory at 0x7ffa6f1dc074 of 672 bytes failed: Only part of a ReadProcessMemory or WriteProcessMemory request was completed. (0x12B)
[0916/181403.952:ERROR:process_memory_win.cc(73)] ReadMemory at 0x7ffa6f1df924 of 608 bytes failed: Only part of a ReadProcessMemory or WriteProcessMemory request was completed. (0x12B)
[0916/181403.952:ERROR:process_memory_win.cc(73)] ReadMemory at 0x7ffa6f26c428 of 18 bytes failed: Only part of a ReadProcessMemory or WriteProcessMemory request was completed. (0x12B)
[0916/181403.953:ERROR:process_memory_win.cc(73)] ReadMemory at 0x7ffa6f29f4f8 of 40 bytes failed: Only part of a ReadProcessMemory or WriteProcessMemory request was completed. (0x12B)
[0916/181403.953:ERROR:process_memory_win.cc(73)] ReadMemory at 0x7ffa6f29f978 of 48 bytes failed: Only part of a ReadProcessMemory or WriteProcessMemory request was completed. (0x12B)
[0916/181403.953:ERROR:process_memory_win.cc(73)] ReadMemory at 0x7ffa6f2a53c0 of 64 bytes failed: Only part of a ReadProcessMemory or WriteProcessMemory request was completed. (0x12B)
[0916/181403.956:ERROR:scoped_process_suspend.cc(40)] NtResumeProcess: An attempt was made to access an exiting process. (0xc000010a)
